The system is: Linux - 4.4.0-59-generic - x86_64
Compiling the C compiler identification source file "CMakeCCompilerId.c" succeeded.
Compiler: /usr/bin/cc 
Build flags: 
Id flags: 

The output was:
0


Compilation of the C compiler identification source "CMakeCCompilerId.c" produced "a.out"

The C compiler identification is GNU, found in "/home/arclab/catkin_ws/src/cisst-saw/CMakeFiles/2.8.12.2/CompilerIdC/a.out"

Compiling the CXX compiler identification source file "CMakeCXXCompilerId.cpp" succeeded.
Compiler: /usr/bin/c++ 
Build flags: 
Id flags: 

The output was:
0


Compilation of the CXX compiler identification source "CMakeCXXCompilerId.cpp" produced "a.out"

The CXX compiler identification is GNU, found in "/home/arclab/catkin_ws/src/cisst-saw/CMakeFiles/2.8.12.2/CompilerIdCXX/a.out"

Determining if the C compiler works passed with the following output:
Change Dir: /home/arclab/catkin_ws/src/cisst-saw/CMakeFiles/CMakeTmp

Run Build Command:/usr/bin/make "cmTryCompileExec3930003473/fast"
/usr/bin/make -f CMakeFiles/cmTryCompileExec3930003473.dir/build.make CMakeFiles/cmTryCompileExec3930003473.dir/build
make[1]: Entering directory `/home/arclab/catkin_ws/src/cisst-saw/CMakeFiles/CMakeTmp'
/usr/bin/cmake -E cmake_progress_report /home/arclab/catkin_ws/src/cisst-saw/CMakeFiles/CMakeTmp/CMakeFiles 1
Building C object CMakeFiles/cmTryCompileExec3930003473.dir/testCCompiler.c.o
/usr/bin/cc    -o CMakeFiles/cmTryCompileExec3930003473.dir/testCCompiler.c.o   -c /home/arclab/catkin_ws/src/cisst-saw/CMakeFiles/CMakeTmp/testCCompiler.c
Linking C executable cmTryCompileExec3930003473
/usr/bin/cmake -E cmake_link_script CMakeFiles/cmTryCompileExec3930003473.dir/link.txt --verbose=1
/usr/bin/cc       CMakeFiles/cmTryCompileExec3930003473.dir/testCCompiler.c.o  -o cmTryCompileExec3930003473 -rdynamic 
make[1]: Leaving directory `/home/arclab/catkin_ws/src/cisst-saw/CMakeFiles/CMakeTmp'


Detecting C compiler ABI info compiled with the following output:
Change Dir: /home/arclab/catkin_ws/src/cisst-saw/CMakeFiles/CMakeTmp

Run Build Command:/usr/bin/make "cmTryCompileExec1204417624/fast"
/usr/bin/make -f CMakeFiles/cmTryCompileExec1204417624.dir/build.make CMakeFiles/cmTryCompileExec1204417624.dir/build
make[1]: Entering directory `/home/arclab/catkin_ws/src/cisst-saw/CMakeFiles/CMakeTmp'
/usr/bin/cmake -E cmake_progress_report /home/arclab/catkin_ws/src/cisst-saw/CMakeFiles/CMakeTmp/CMakeFiles 1
Building C object CMakeFiles/cmTryCompileExec1204417624.dir/CMakeCCompilerABI.c.o
/usr/bin/cc    -o CMakeFiles/cmTryCompileExec1204417624.dir/CMakeCCompilerABI.c.o   -c /usr/share/cmake-2.8/Modules/CMakeCCompilerABI.c
Linking C executable cmTryCompileExec1204417624
/usr/bin/cmake -E cmake_link_script CMakeFiles/cmTryCompileExec1204417624.dir/link.txt --verbose=1
/usr/bin/cc     -v CMakeFiles/cmTryCompileExec1204417624.dir/CMakeCCompilerABI.c.o  -o cmTryCompileExec1204417624 -rdynamic  
Using built-in specs.
COLLECT_GCC=/usr/bin/cc
COLLECT_LTO_WRAPPER=/usr/lib/gcc/x86_64-linux-gnu/4.9/lto-wrapper
Target: x86_64-linux-gnu
Configured with: ../src/configure -v --with-pkgversion='Ubuntu 4.9.4-2ubuntu1~14.04.1' --with-bugurl=file:///usr/share/doc/gcc-4.9/README.Bugs --enable-languages=c,c++,java,go,d,fortran,objc,obj-c++ --prefix=/usr --program-suffix=-4.9 --enable-shared --enable-linker-build-id --libexecdir=/usr/lib --without-included-gettext --enable-threads=posix --with-gxx-include-dir=/usr/include/c++/4.9 --libdir=/usr/lib --enable-nls --with-sysroot=/ --enable-clocale=gnu --enable-libstdcxx-debug --enable-libstdcxx-time=yes --enable-gnu-unique-object --disable-vtable-verify --enable-plugin --with-system-zlib --disable-browser-plugin --enable-java-awt=gtk --enable-gtk-cairo --with-java-home=/usr/lib/jvm/java-1.5.0-gcj-4.9-amd64/jre --enable-java-home --with-jvm-root-dir=/usr/lib/jvm/java-1.5.0-gcj-4.9-amd64 --with-jvm-jar-dir=/usr/lib/jvm-exports/java-1.5.0-gcj-4.9-amd64 --with-arch-directory=amd64 --with-ecj-jar=/usr/share/java/eclipse-ecj.jar --enable-objc-gc --enable-multiarch --disable-werror --with-arch-32=i686 --with-abi=m64 --with-multilib-list=m32,m64,mx32 --enable-multilib --with-tune=generic --enable-checking=release --build=x86_64-linux-gnu --host=x86_64-linux-gnu --target=x86_64-linux-gnu
Thread model: posix
gcc version 4.9.4 (Ubuntu 4.9.4-2ubuntu1~14.04.1) 
COMPILER_PATH=/usr/lib/gcc/x86_64-linux-gnu/4.9/:/usr/lib/gcc/x86_64-linux-gnu/4.9/:/usr/lib/gcc/x86_64-linux-gnu/:/usr/lib/gcc/x86_64-linux-gnu/4.9/:/usr/lib/gcc/x86_64-linux-gnu/
LIBRARY_PATH=/usr/lib/gcc/x86_64-linux-gnu/4.9/:/usr/lib/gcc/x86_64-linux-gnu/4.9/../../../x86_64-linux-gnu/:/usr/lib/gcc/x86_64-linux-gnu/4.9/../../../../lib/:/lib/x86_64-linux-gnu/:/lib/../lib/:/usr/lib/x86_64-linux-gnu/:/usr/lib/../lib/:/usr/lib/gcc/x86_64-linux-gnu/4.9/../../../:/lib/:/usr/lib/
COLLECT_GCC_OPTIONS='-v' '-o' 'cmTryCompileExec1204417624' '-rdynamic' '-mtune=generic' '-march=x86-64'
 /usr/lib/gcc/x86_64-linux-gnu/4.9/collect2 -plugin /usr/lib/gcc/x86_64-linux-gnu/4.9/liblto_plugin.so -plugin-opt=/usr/lib/gcc/x86_64-linux-gnu/4.9/lto-wrapper -plugin-opt=-fresolution=/tmp/ccfckVa4.res -plugin-opt=-pass-through=-lgcc -plugin-opt=-pass-through=-lgcc_s -plugin-opt=-pass-through=-lc -plugin-opt=-pass-through=-lgcc -plugin-opt=-pass-through=-lgcc_s --sysroot=/ --build-id --eh-frame-hdr -m elf_x86_64 --hash-style=gnu --as-needed -export-dynamic -dynamic-linker /lib64/ld-linux-x86-64.so.2 -z relro -o cmTryCompileExec1204417624 /usr/lib/gcc/x86_64-linux-gnu/4.9/../../../x86_64-linux-gnu/crt1.o /usr/lib/gcc/x86_64-linux-gnu/4.9/../../../x86_64-linux-gnu/crti.o /usr/lib/gcc/x86_64-linux-gnu/4.9/crtbegin.o -L/usr/lib/gcc/x86_64-linux-gnu/4.9 -L/usr/lib/gcc/x86_64-linux-gnu/4.9/../../../x86_64-linux-gnu -L/usr/lib/gcc/x86_64-linux-gnu/4.9/../../../../lib -L/lib/x86_64-linux-gnu -L/lib/../lib -L/usr/lib/x86_64-linux-gnu -L/usr/lib/../lib -L/usr/lib/gcc/x86_64-linux-gnu/4.9/../../.. CMakeFiles/cmTryCompileExec1204417624.dir/CMakeCCompilerABI.c.o -lgcc --as-needed -lgcc_s --no-as-needed -lc -lgcc --as-needed -lgcc_s --no-as-needed /usr/lib/gcc/x86_64-linux-gnu/4.9/crtend.o /usr/lib/gcc/x86_64-linux-gnu/4.9/../../../x86_64-linux-gnu/crtn.o
make[1]: Leaving directory `/home/arclab/catkin_ws/src/cisst-saw/CMakeFiles/CMakeTmp'


Parsed C implicit link information from above output:
  link line regex: [^( *|.*[/\])(ld|([^/\]+-)?ld|collect2)[^/\]*( |$)]
  ignore line: [Change Dir: /home/arclab/catkin_ws/src/cisst-saw/CMakeFiles/CMakeTmp]
  ignore line: []
  ignore line: [Run Build Command:/usr/bin/make "cmTryCompileExec1204417624/fast"]
  ignore line: [/usr/bin/make -f CMakeFiles/cmTryCompileExec1204417624.dir/build.make CMakeFiles/cmTryCompileExec1204417624.dir/build]
  ignore line: [make[1]: Entering directory `/home/arclab/catkin_ws/src/cisst-saw/CMakeFiles/CMakeTmp']
  ignore line: [/usr/bin/cmake -E cmake_progress_report /home/arclab/catkin_ws/src/cisst-saw/CMakeFiles/CMakeTmp/CMakeFiles 1]
  ignore line: [Building C object CMakeFiles/cmTryCompileExec1204417624.dir/CMakeCCompilerABI.c.o]
  ignore line: [/usr/bin/cc    -o CMakeFiles/cmTryCompileExec1204417624.dir/CMakeCCompilerABI.c.o   -c /usr/share/cmake-2.8/Modules/CMakeCCompilerABI.c]
  ignore line: [Linking C executable cmTryCompileExec1204417624]
  ignore line: [/usr/bin/cmake -E cmake_link_script CMakeFiles/cmTryCompileExec1204417624.dir/link.txt --verbose=1]
  ignore line: [/usr/bin/cc     -v CMakeFiles/cmTryCompileExec1204417624.dir/CMakeCCompilerABI.c.o  -o cmTryCompileExec1204417624 -rdynamic  ]
  ignore line: [Using built-in specs.]
  ignore line: [COLLECT_GCC=/usr/bin/cc]
  ignore line: [COLLECT_LTO_WRAPPER=/usr/lib/gcc/x86_64-linux-gnu/4.9/lto-wrapper]
  ignore line: [Target: x86_64-linux-gnu]
  ignore line: [Configured with: ../src/configure -v --with-pkgversion='Ubuntu 4.9.4-2ubuntu1~14.04.1' --with-bugurl=file:///usr/share/doc/gcc-4.9/README.Bugs --enable-languages=c,c++,java,go,d,fortran,objc,obj-c++ --prefix=/usr --program-suffix=-4.9 --enable-shared --enable-linker-build-id --libexecdir=/usr/lib --without-included-gettext --enable-threads=posix --with-gxx-include-dir=/usr/include/c++/4.9 --libdir=/usr/lib --enable-nls --with-sysroot=/ --enable-clocale=gnu --enable-libstdcxx-debug --enable-libstdcxx-time=yes --enable-gnu-unique-object --disable-vtable-verify --enable-plugin --with-system-zlib --disable-browser-plugin --enable-java-awt=gtk --enable-gtk-cairo --with-java-home=/usr/lib/jvm/java-1.5.0-gcj-4.9-amd64/jre --enable-java-home --with-jvm-root-dir=/usr/lib/jvm/java-1.5.0-gcj-4.9-amd64 --with-jvm-jar-dir=/usr/lib/jvm-exports/java-1.5.0-gcj-4.9-amd64 --with-arch-directory=amd64 --with-ecj-jar=/usr/share/java/eclipse-ecj.jar --enable-objc-gc --enable-multiarch --disable-werror --with-arch-32=i686 --with-abi=m64 --with-multilib-list=m32,m64,mx32 --enable-multilib --with-tune=generic --enable-checking=release --build=x86_64-linux-gnu --host=x86_64-linux-gnu --target=x86_64-linux-gnu]
  ignore line: [Thread model: posix]
  ignore line: [gcc version 4.9.4 (Ubuntu 4.9.4-2ubuntu1~14.04.1) ]
  ignore line: [COMPILER_PATH=/usr/lib/gcc/x86_64-linux-gnu/4.9/:/usr/lib/gcc/x86_64-linux-gnu/4.9/:/usr/lib/gcc/x86_64-linux-gnu/:/usr/lib/gcc/x86_64-linux-gnu/4.9/:/usr/lib/gcc/x86_64-linux-gnu/]
  ignore line: [LIBRARY_PATH=/usr/lib/gcc/x86_64-linux-gnu/4.9/:/usr/lib/gcc/x86_64-linux-gnu/4.9/../../../x86_64-linux-gnu/:/usr/lib/gcc/x86_64-linux-gnu/4.9/../../../../lib/:/lib/x86_64-linux-gnu/:/lib/../lib/:/usr/lib/x86_64-linux-gnu/:/usr/lib/../lib/:/usr/lib/gcc/x86_64-linux-gnu/4.9/../../../:/lib/:/usr/lib/]
  ignore line: [COLLECT_GCC_OPTIONS='-v' '-o' 'cmTryCompileExec1204417624' '-rdynamic' '-mtune=generic' '-march=x86-64']
  link line: [ /usr/lib/gcc/x86_64-linux-gnu/4.9/collect2 -plugin /usr/lib/gcc/x86_64-linux-gnu/4.9/liblto_plugin.so -plugin-opt=/usr/lib/gcc/x86_64-linux-gnu/4.9/lto-wrapper -plugin-opt=-fresolution=/tmp/ccfckVa4.res -plugin-opt=-pass-through=-lgcc -plugin-opt=-pass-through=-lgcc_s -plugin-opt=-pass-through=-lc -plugin-opt=-pass-through=-lgcc -plugin-opt=-pass-through=-lgcc_s --sysroot=/ --build-id --eh-frame-hdr -m elf_x86_64 --hash-style=gnu --as-needed -export-dynamic -dynamic-linker /lib64/ld-linux-x86-64.so.2 -z relro -o cmTryCompileExec1204417624 /usr/lib/gcc/x86_64-linux-gnu/4.9/../../../x86_64-linux-gnu/crt1.o /usr/lib/gcc/x86_64-linux-gnu/4.9/../../../x86_64-linux-gnu/crti.o /usr/lib/gcc/x86_64-linux-gnu/4.9/crtbegin.o -L/usr/lib/gcc/x86_64-linux-gnu/4.9 -L/usr/lib/gcc/x86_64-linux-gnu/4.9/../../../x86_64-linux-gnu -L/usr/lib/gcc/x86_64-linux-gnu/4.9/../../../../lib -L/lib/x86_64-linux-gnu -L/lib/../lib -L/usr/lib/x86_64-linux-gnu -L/usr/lib/../lib -L/usr/lib/gcc/x86_64-linux-gnu/4.9/../../.. CMakeFiles/cmTryCompileExec1204417624.dir/CMakeCCompilerABI.c.o -lgcc --as-needed -lgcc_s --no-as-needed -lc -lgcc --as-needed -lgcc_s --no-as-needed /usr/lib/gcc/x86_64-linux-gnu/4.9/crtend.o /usr/lib/gcc/x86_64-linux-gnu/4.9/../../../x86_64-linux-gnu/crtn.o]
    arg [/usr/lib/gcc/x86_64-linux-gnu/4.9/collect2] ==> ignore
    arg [-plugin] ==> ignore
    arg [/usr/lib/gcc/x86_64-linux-gnu/4.9/liblto_plugin.so] ==> ignore
    arg [-plugin-opt=/usr/lib/gcc/x86_64-linux-gnu/4.9/lto-wrapper] ==> ignore
    arg [-plugin-opt=-fresolution=/tmp/ccfckVa4.res] ==> ignore
    arg [-plugin-opt=-pass-through=-lgcc] ==> ignore
    arg [-plugin-opt=-pass-through=-lgcc_s] ==> ignore
    arg [-plugin-opt=-pass-through=-lc] ==> ignore
    arg [-plugin-opt=-pass-through=-lgcc] ==> ignore
    arg [-plugin-opt=-pass-through=-lgcc_s] ==> ignore
    arg [--sysroot=/] ==> ignore
    arg [--build-id] ==> ignore
    arg [--eh-frame-hdr] ==> ignore
    arg [-m] ==> ignore
    arg [elf_x86_64] ==> ignore
    arg [--hash-style=gnu] ==> ignore
    arg [--as-needed] ==> ignore
    arg [-export-dynamic] ==> ignore
    arg [-dynamic-linker] ==> ignore
    arg [/lib64/ld-linux-x86-64.so.2] ==> ignore
    arg [-zrelro] ==> ignore
    arg [-o] ==> ignore
    arg [cmTryCompileExec1204417624] ==> ignore
    arg [/usr/lib/gcc/x86_64-linux-gnu/4.9/../../../x86_64-linux-gnu/crt1.o] ==> ignore
    arg [/usr/lib/gcc/x86_64-linux-gnu/4.9/../../../x86_64-linux-gnu/crti.o] ==> ignore
    arg [/usr/lib/gcc/x86_64-linux-gnu/4.9/crtbegin.o] ==> ignore
    arg [-L/usr/lib/gcc/x86_64-linux-gnu/4.9] ==> dir [/usr/lib/gcc/x86_64-linux-gnu/4.9]
    arg [-L/usr/lib/gcc/x86_64-linux-gnu/4.9/../../../x86_64-linux-gnu] ==> dir [/usr/lib/gcc/x86_64-linux-gnu/4.9/../../../x86_64-linux-gnu]
    arg [-L/usr/lib/gcc/x86_64-linux-gnu/4.9/../../../../lib] ==> dir [/usr/lib/gcc/x86_64-linux-gnu/4.9/../../../../lib]
    arg [-L/lib/x86_64-linux-gnu] ==> dir [/lib/x86_64-linux-gnu]
    arg [-L/lib/../lib] ==> dir [/lib/../lib]
    arg [-L/usr/lib/x86_64-linux-gnu] ==> dir [/usr/lib/x86_64-linux-gnu]
    arg [-L/usr/lib/../lib] ==> dir [/usr/lib/../lib]
    arg [-L/usr/lib/gcc/x86_64-linux-gnu/4.9/../../..] ==> dir [/usr/lib/gcc/x86_64-linux-gnu/4.9/../../..]
    arg [CMakeFiles/cmTryCompileExec1204417624.dir/CMakeCCompilerABI.c.o] ==> ignore
    arg [-lgcc] ==> lib [gcc]
    arg [--as-needed] ==> ignore
    arg [-lgcc_s] ==> lib [gcc_s]
    arg [--no-as-needed] ==> ignore
    arg [-lc] ==> lib [c]
    arg [-lgcc] ==> lib [gcc]
    arg [--as-needed] ==> ignore
    arg [-lgcc_s] ==> lib [gcc_s]
    arg [--no-as-needed] ==> ignore
    arg [/usr/lib/gcc/x86_64-linux-gnu/4.9/crtend.o] ==> ignore
    arg [/usr/lib/gcc/x86_64-linux-gnu/4.9/../../../x86_64-linux-gnu/crtn.o] ==> ignore
  remove lib [gcc]
  remove lib [gcc_s]
  remove lib [gcc]
  remove lib [gcc_s]
  collapse library dir [/usr/lib/gcc/x86_64-linux-gnu/4.9] ==> [/usr/lib/gcc/x86_64-linux-gnu/4.9]
  collapse library dir [/usr/lib/gcc/x86_64-linux-gnu/4.9/../../../x86_64-linux-gnu] ==> [/usr/lib/x86_64-linux-gnu]
  collapse library dir [/usr/lib/gcc/x86_64-linux-gnu/4.9/../../../../lib] ==> [/usr/lib]
  collapse library dir [/lib/x86_64-linux-gnu] ==> [/lib/x86_64-linux-gnu]
  collapse library dir [/lib/../lib] ==> [/lib]
  collapse library dir [/usr/lib/x86_64-linux-gnu] ==> [/usr/lib/x86_64-linux-gnu]
  collapse library dir [/usr/lib/../lib] ==> [/usr/lib]
  collapse library dir [/usr/lib/gcc/x86_64-linux-gnu/4.9/../../..] ==> [/usr/lib]
  implicit libs: [c]
  implicit dirs: [/usr/lib/gcc/x86_64-linux-gnu/4.9;/usr/lib/x86_64-linux-gnu;/usr/lib;/lib/x86_64-linux-gnu;/lib]
  implicit fwks: []


Determining if the CXX compiler works passed with the following output:
Change Dir: /home/arclab/catkin_ws/src/cisst-saw/CMakeFiles/CMakeTmp

Run Build Command:/usr/bin/make "cmTryCompileExec1341511082/fast"
/usr/bin/make -f CMakeFiles/cmTryCompileExec1341511082.dir/build.make CMakeFiles/cmTryCompileExec1341511082.dir/build
make[1]: Entering directory `/home/arclab/catkin_ws/src/cisst-saw/CMakeFiles/CMakeTmp'
/usr/bin/cmake -E cmake_progress_report /home/arclab/catkin_ws/src/cisst-saw/CMakeFiles/CMakeTmp/CMakeFiles 1
Building CXX object CMakeFiles/cmTryCompileExec1341511082.dir/testCXXCompiler.cxx.o
/usr/bin/c++     -o CMakeFiles/cmTryCompileExec1341511082.dir/testCXXCompiler.cxx.o -c /home/arclab/catkin_ws/src/cisst-saw/CMakeFiles/CMakeTmp/testCXXCompiler.cxx
Linking CXX executable cmTryCompileExec1341511082
/usr/bin/cmake -E cmake_link_script CMakeFiles/cmTryCompileExec1341511082.dir/link.txt --verbose=1
/usr/bin/c++        CMakeFiles/cmTryCompileExec1341511082.dir/testCXXCompiler.cxx.o  -o cmTryCompileExec1341511082 -rdynamic 
make[1]: Leaving directory `/home/arclab/catkin_ws/src/cisst-saw/CMakeFiles/CMakeTmp'


Detecting CXX compiler ABI info compiled with the following output:
Change Dir: /home/arclab/catkin_ws/src/cisst-saw/CMakeFiles/CMakeTmp

Run Build Command:/usr/bin/make "cmTryCompileExec69321083/fast"
/usr/bin/make -f CMakeFiles/cmTryCompileExec69321083.dir/build.make CMakeFiles/cmTryCompileExec69321083.dir/build
make[1]: Entering directory `/home/arclab/catkin_ws/src/cisst-saw/CMakeFiles/CMakeTmp'
/usr/bin/cmake -E cmake_progress_report /home/arclab/catkin_ws/src/cisst-saw/CMakeFiles/CMakeTmp/CMakeFiles 1
Building CXX object CMakeFiles/cmTryCompileExec69321083.dir/CMakeCXXCompilerABI.cpp.o
/usr/bin/c++     -o CMakeFiles/cmTryCompileExec69321083.dir/CMakeCXXCompilerABI.cpp.o -c /usr/share/cmake-2.8/Modules/CMakeCXXCompilerABI.cpp
Linking CXX executable cmTryCompileExec69321083
/usr/bin/cmake -E cmake_link_script CMakeFiles/cmTryCompileExec69321083.dir/link.txt --verbose=1
/usr/bin/c++      -v CMakeFiles/cmTryCompileExec69321083.dir/CMakeCXXCompilerABI.cpp.o  -o cmTryCompileExec69321083 -rdynamic  
Using built-in specs.
COLLECT_GCC=/usr/bin/c++
COLLECT_LTO_WRAPPER=/usr/lib/gcc/x86_64-linux-gnu/4.9/lto-wrapper
Target: x86_64-linux-gnu
Configured with: ../src/configure -v --with-pkgversion='Ubuntu 4.9.4-2ubuntu1~14.04.1' --with-bugurl=file:///usr/share/doc/gcc-4.9/README.Bugs --enable-languages=c,c++,java,go,d,fortran,objc,obj-c++ --prefix=/usr --program-suffix=-4.9 --enable-shared --enable-linker-build-id --libexecdir=/usr/lib --without-included-gettext --enable-threads=posix --with-gxx-include-dir=/usr/include/c++/4.9 --libdir=/usr/lib --enable-nls --with-sysroot=/ --enable-clocale=gnu --enable-libstdcxx-debug --enable-libstdcxx-time=yes --enable-gnu-unique-object --disable-vtable-verify --enable-plugin --with-system-zlib --disable-browser-plugin --enable-java-awt=gtk --enable-gtk-cairo --with-java-home=/usr/lib/jvm/java-1.5.0-gcj-4.9-amd64/jre --enable-java-home --with-jvm-root-dir=/usr/lib/jvm/java-1.5.0-gcj-4.9-amd64 --with-jvm-jar-dir=/usr/lib/jvm-exports/java-1.5.0-gcj-4.9-amd64 --with-arch-directory=amd64 --with-ecj-jar=/usr/share/java/eclipse-ecj.jar --enable-objc-gc --enable-multiarch --disable-werror --with-arch-32=i686 --with-abi=m64 --with-multilib-list=m32,m64,mx32 --enable-multilib --with-tune=generic --enable-checking=release --build=x86_64-linux-gnu --host=x86_64-linux-gnu --target=x86_64-linux-gnu
Thread model: posix
gcc version 4.9.4 (Ubuntu 4.9.4-2ubuntu1~14.04.1) 
COMPILER_PATH=/usr/lib/gcc/x86_64-linux-gnu/4.9/:/usr/lib/gcc/x86_64-linux-gnu/4.9/:/usr/lib/gcc/x86_64-linux-gnu/:/usr/lib/gcc/x86_64-linux-gnu/4.9/:/usr/lib/gcc/x86_64-linux-gnu/
LIBRARY_PATH=/usr/lib/gcc/x86_64-linux-gnu/4.9/:/usr/lib/gcc/x86_64-linux-gnu/4.9/../../../x86_64-linux-gnu/:/usr/lib/gcc/x86_64-linux-gnu/4.9/../../../../lib/:/lib/x86_64-linux-gnu/:/lib/../lib/:/usr/lib/x86_64-linux-gnu/:/usr/lib/../lib/:/usr/lib/gcc/x86_64-linux-gnu/4.9/../../../:/lib/:/usr/lib/
COLLECT_GCC_OPTIONS='-v' '-o' 'cmTryCompileExec69321083' '-rdynamic' '-shared-libgcc' '-mtune=generic' '-march=x86-64'
 /usr/lib/gcc/x86_64-linux-gnu/4.9/collect2 -plugin /usr/lib/gcc/x86_64-linux-gnu/4.9/liblto_plugin.so -plugin-opt=/usr/lib/gcc/x86_64-linux-gnu/4.9/lto-wrapper -plugin-opt=-fresolution=/tmp/cc76MGIg.res -plugin-opt=-pass-through=-lgcc_s -plugin-opt=-pass-through=-lgcc -plugin-opt=-pass-through=-lc -plugin-opt=-pass-through=-lgcc_s -plugin-opt=-pass-through=-lgcc --sysroot=/ --build-id --eh-frame-hdr -m elf_x86_64 --hash-style=gnu --as-needed -export-dynamic -dynamic-linker /lib64/ld-linux-x86-64.so.2 -z relro -o cmTryCompileExec69321083 /usr/lib/gcc/x86_64-linux-gnu/4.9/../../../x86_64-linux-gnu/crt1.o /usr/lib/gcc/x86_64-linux-gnu/4.9/../../../x86_64-linux-gnu/crti.o /usr/lib/gcc/x86_64-linux-gnu/4.9/crtbegin.o -L/usr/lib/gcc/x86_64-linux-gnu/4.9 -L/usr/lib/gcc/x86_64-linux-gnu/4.9/../../../x86_64-linux-gnu -L/usr/lib/gcc/x86_64-linux-gnu/4.9/../../../../lib -L/lib/x86_64-linux-gnu -L/lib/../lib -L/usr/lib/x86_64-linux-gnu -L/usr/lib/../lib -L/usr/lib/gcc/x86_64-linux-gnu/4.9/../../.. CMakeFiles/cmTryCompileExec69321083.dir/CMakeCXXCompilerABI.cpp.o -lstdc++ -lm -lgcc_s -lgcc -lc -lgcc_s -lgcc /usr/lib/gcc/x86_64-linux-gnu/4.9/crtend.o /usr/lib/gcc/x86_64-linux-gnu/4.9/../../../x86_64-linux-gnu/crtn.o
make[1]: Leaving directory `/home/arclab/catkin_ws/src/cisst-saw/CMakeFiles/CMakeTmp'


Parsed CXX implicit link information from above output:
  link line regex: [^( *|.*[/\])(ld|([^/\]+-)?ld|collect2)[^/\]*( |$)]
  ignore line: [Change Dir: /home/arclab/catkin_ws/src/cisst-saw/CMakeFiles/CMakeTmp]
  ignore line: []
  ignore line: [Run Build Command:/usr/bin/make "cmTryCompileExec69321083/fast"]
  ignore line: [/usr/bin/make -f CMakeFiles/cmTryCompileExec69321083.dir/build.make CMakeFiles/cmTryCompileExec69321083.dir/build]
  ignore line: [make[1]: Entering directory `/home/arclab/catkin_ws/src/cisst-saw/CMakeFiles/CMakeTmp']
  ignore line: [/usr/bin/cmake -E cmake_progress_report /home/arclab/catkin_ws/src/cisst-saw/CMakeFiles/CMakeTmp/CMakeFiles 1]
  ignore line: [Building CXX object CMakeFiles/cmTryCompileExec69321083.dir/CMakeCXXCompilerABI.cpp.o]
  ignore line: [/usr/bin/c++     -o CMakeFiles/cmTryCompileExec69321083.dir/CMakeCXXCompilerABI.cpp.o -c /usr/share/cmake-2.8/Modules/CMakeCXXCompilerABI.cpp]
  ignore line: [Linking CXX executable cmTryCompileExec69321083]
  ignore line: [/usr/bin/cmake -E cmake_link_script CMakeFiles/cmTryCompileExec69321083.dir/link.txt --verbose=1]
  ignore line: [/usr/bin/c++      -v CMakeFiles/cmTryCompileExec69321083.dir/CMakeCXXCompilerABI.cpp.o  -o cmTryCompileExec69321083 -rdynamic  ]
  ignore line: [Using built-in specs.]
  ignore line: [COLLECT_GCC=/usr/bin/c++]
  ignore line: [COLLECT_LTO_WRAPPER=/usr/lib/gcc/x86_64-linux-gnu/4.9/lto-wrapper]
  ignore line: [Target: x86_64-linux-gnu]
  ignore line: [Configured with: ../src/configure -v --with-pkgversion='Ubuntu 4.9.4-2ubuntu1~14.04.1' --with-bugurl=file:///usr/share/doc/gcc-4.9/README.Bugs --enable-languages=c,c++,java,go,d,fortran,objc,obj-c++ --prefix=/usr --program-suffix=-4.9 --enable-shared --enable-linker-build-id --libexecdir=/usr/lib --without-included-gettext --enable-threads=posix --with-gxx-include-dir=/usr/include/c++/4.9 --libdir=/usr/lib --enable-nls --with-sysroot=/ --enable-clocale=gnu --enable-libstdcxx-debug --enable-libstdcxx-time=yes --enable-gnu-unique-object --disable-vtable-verify --enable-plugin --with-system-zlib --disable-browser-plugin --enable-java-awt=gtk --enable-gtk-cairo --with-java-home=/usr/lib/jvm/java-1.5.0-gcj-4.9-amd64/jre --enable-java-home --with-jvm-root-dir=/usr/lib/jvm/java-1.5.0-gcj-4.9-amd64 --with-jvm-jar-dir=/usr/lib/jvm-exports/java-1.5.0-gcj-4.9-amd64 --with-arch-directory=amd64 --with-ecj-jar=/usr/share/java/eclipse-ecj.jar --enable-objc-gc --enable-multiarch --disable-werror --with-arch-32=i686 --with-abi=m64 --with-multilib-list=m32,m64,mx32 --enable-multilib --with-tune=generic --enable-checking=release --build=x86_64-linux-gnu --host=x86_64-linux-gnu --target=x86_64-linux-gnu]
  ignore line: [Thread model: posix]
  ignore line: [gcc version 4.9.4 (Ubuntu 4.9.4-2ubuntu1~14.04.1) ]
  ignore line: [COMPILER_PATH=/usr/lib/gcc/x86_64-linux-gnu/4.9/:/usr/lib/gcc/x86_64-linux-gnu/4.9/:/usr/lib/gcc/x86_64-linux-gnu/:/usr/lib/gcc/x86_64-linux-gnu/4.9/:/usr/lib/gcc/x86_64-linux-gnu/]
  ignore line: [LIBRARY_PATH=/usr/lib/gcc/x86_64-linux-gnu/4.9/:/usr/lib/gcc/x86_64-linux-gnu/4.9/../../../x86_64-linux-gnu/:/usr/lib/gcc/x86_64-linux-gnu/4.9/../../../../lib/:/lib/x86_64-linux-gnu/:/lib/../lib/:/usr/lib/x86_64-linux-gnu/:/usr/lib/../lib/:/usr/lib/gcc/x86_64-linux-gnu/4.9/../../../:/lib/:/usr/lib/]
  ignore line: [COLLECT_GCC_OPTIONS='-v' '-o' 'cmTryCompileExec69321083' '-rdynamic' '-shared-libgcc' '-mtune=generic' '-march=x86-64']
  link line: [ /usr/lib/gcc/x86_64-linux-gnu/4.9/collect2 -plugin /usr/lib/gcc/x86_64-linux-gnu/4.9/liblto_plugin.so -plugin-opt=/usr/lib/gcc/x86_64-linux-gnu/4.9/lto-wrapper -plugin-opt=-fresolution=/tmp/cc76MGIg.res -plugin-opt=-pass-through=-lgcc_s -plugin-opt=-pass-through=-lgcc -plugin-opt=-pass-through=-lc -plugin-opt=-pass-through=-lgcc_s -plugin-opt=-pass-through=-lgcc --sysroot=/ --build-id --eh-frame-hdr -m elf_x86_64 --hash-style=gnu --as-needed -export-dynamic -dynamic-linker /lib64/ld-linux-x86-64.so.2 -z relro -o cmTryCompileExec69321083 /usr/lib/gcc/x86_64-linux-gnu/4.9/../../../x86_64-linux-gnu/crt1.o /usr/lib/gcc/x86_64-linux-gnu/4.9/../../../x86_64-linux-gnu/crti.o /usr/lib/gcc/x86_64-linux-gnu/4.9/crtbegin.o -L/usr/lib/gcc/x86_64-linux-gnu/4.9 -L/usr/lib/gcc/x86_64-linux-gnu/4.9/../../../x86_64-linux-gnu -L/usr/lib/gcc/x86_64-linux-gnu/4.9/../../../../lib -L/lib/x86_64-linux-gnu -L/lib/../lib -L/usr/lib/x86_64-linux-gnu -L/usr/lib/../lib -L/usr/lib/gcc/x86_64-linux-gnu/4.9/../../.. CMakeFiles/cmTryCompileExec69321083.dir/CMakeCXXCompilerABI.cpp.o -lstdc++ -lm -lgcc_s -lgcc -lc -lgcc_s -lgcc /usr/lib/gcc/x86_64-linux-gnu/4.9/crtend.o /usr/lib/gcc/x86_64-linux-gnu/4.9/../../../x86_64-linux-gnu/crtn.o]
    arg [/usr/lib/gcc/x86_64-linux-gnu/4.9/collect2] ==> ignore
    arg [-plugin] ==> ignore
    arg [/usr/lib/gcc/x86_64-linux-gnu/4.9/liblto_plugin.so] ==> ignore
    arg [-plugin-opt=/usr/lib/gcc/x86_64-linux-gnu/4.9/lto-wrapper] ==> ignore
    arg [-plugin-opt=-fresolution=/tmp/cc76MGIg.res] ==> ignore
    arg [-plugin-opt=-pass-through=-lgcc_s] ==> ignore
    arg [-plugin-opt=-pass-through=-lgcc] ==> ignore
    arg [-plugin-opt=-pass-through=-lc] ==> ignore
    arg [-plugin-opt=-pass-through=-lgcc_s] ==> ignore
    arg [-plugin-opt=-pass-through=-lgcc] ==> ignore
    arg [--sysroot=/] ==> ignore
    arg [--build-id] ==> ignore
    arg [--eh-frame-hdr] ==> ignore
    arg [-m] ==> ignore
    arg [elf_x86_64] ==> ignore
    arg [--hash-style=gnu] ==> ignore
    arg [--as-needed] ==> ignore
    arg [-export-dynamic] ==> ignore
    arg [-dynamic-linker] ==> ignore
    arg [/lib64/ld-linux-x86-64.so.2] ==> ignore
    arg [-zrelro] ==> ignore
    arg [-o] ==> ignore
    arg [cmTryCompileExec69321083] ==> ignore
    arg [/usr/lib/gcc/x86_64-linux-gnu/4.9/../../../x86_64-linux-gnu/crt1.o] ==> ignore
    arg [/usr/lib/gcc/x86_64-linux-gnu/4.9/../../../x86_64-linux-gnu/crti.o] ==> ignore
    arg [/usr/lib/gcc/x86_64-linux-gnu/4.9/crtbegin.o] ==> ignore
    arg [-L/usr/lib/gcc/x86_64-linux-gnu/4.9] ==> dir [/usr/lib/gcc/x86_64-linux-gnu/4.9]
    arg [-L/usr/lib/gcc/x86_64-linux-gnu/4.9/../../../x86_64-linux-gnu] ==> dir [/usr/lib/gcc/x86_64-linux-gnu/4.9/../../../x86_64-linux-gnu]
    arg [-L/usr/lib/gcc/x86_64-linux-gnu/4.9/../../../../lib] ==> dir [/usr/lib/gcc/x86_64-linux-gnu/4.9/../../../../lib]
    arg [-L/lib/x86_64-linux-gnu] ==> dir [/lib/x86_64-linux-gnu]
    arg [-L/lib/../lib] ==> dir [/lib/../lib]
    arg [-L/usr/lib/x86_64-linux-gnu] ==> dir [/usr/lib/x86_64-linux-gnu]
    arg [-L/usr/lib/../lib] ==> dir [/usr/lib/../lib]
    arg [-L/usr/lib/gcc/x86_64-linux-gnu/4.9/../../..] ==> dir [/usr/lib/gcc/x86_64-linux-gnu/4.9/../../..]
    arg [CMakeFiles/cmTryCompileExec69321083.dir/CMakeCXXCompilerABI.cpp.o] ==> ignore
    arg [-lstdc++] ==> lib [stdc++]
    arg [-lm] ==> lib [m]
    arg [-lgcc_s] ==> lib [gcc_s]
    arg [-lgcc] ==> lib [gcc]
    arg [-lc] ==> lib [c]
    arg [-lgcc_s] ==> lib [gcc_s]
    arg [-lgcc] ==> lib [gcc]
    arg [/usr/lib/gcc/x86_64-linux-gnu/4.9/crtend.o] ==> ignore
    arg [/usr/lib/gcc/x86_64-linux-gnu/4.9/../../../x86_64-linux-gnu/crtn.o] ==> ignore
  remove lib [gcc_s]
  remove lib [gcc]
  remove lib [gcc_s]
  remove lib [gcc]
  collapse library dir [/usr/lib/gcc/x86_64-linux-gnu/4.9] ==> [/usr/lib/gcc/x86_64-linux-gnu/4.9]
  collapse library dir [/usr/lib/gcc/x86_64-linux-gnu/4.9/../../../x86_64-linux-gnu] ==> [/usr/lib/x86_64-linux-gnu]
  collapse library dir [/usr/lib/gcc/x86_64-linux-gnu/4.9/../../../../lib] ==> [/usr/lib]
  collapse library dir [/lib/x86_64-linux-gnu] ==> [/lib/x86_64-linux-gnu]
  collapse library dir [/lib/../lib] ==> [/lib]
  collapse library dir [/usr/lib/x86_64-linux-gnu] ==> [/usr/lib/x86_64-linux-gnu]
  collapse library dir [/usr/lib/../lib] ==> [/usr/lib]
  collapse library dir [/usr/lib/gcc/x86_64-linux-gnu/4.9/../../..] ==> [/usr/lib]
  implicit libs: [stdc++;m;c]
  implicit dirs: [/usr/lib/gcc/x86_64-linux-gnu/4.9;/usr/lib/x86_64-linux-gnu;/usr/lib;/lib/x86_64-linux-gnu;/lib]
  implicit fwks: []


Performing C++ SOURCE FILE Test CXX_SUPPORTS_WEXTRA succeded with the following output:
Change Dir: /home/arclab/catkin_ws/src/cisst-saw/CMakeFiles/CMakeTmp

Run Build Command:/usr/bin/make "cmTryCompileExec3161711632/fast"
/usr/bin/make -f CMakeFiles/cmTryCompileExec3161711632.dir/build.make CMakeFiles/cmTryCompileExec3161711632.dir/build
make[1]: Entering directory `/home/arclab/catkin_ws/src/cisst-saw/CMakeFiles/CMakeTmp'
/usr/bin/cmake -E cmake_progress_report /home/arclab/catkin_ws/src/cisst-saw/CMakeFiles/CMakeTmp/CMakeFiles 1
Building CXX object CMakeFiles/cmTryCompileExec3161711632.dir/src.cxx.o
/usr/bin/c++    -fPIC -DCXX_SUPPORTS_WEXTRA   -Wextra -o CMakeFiles/cmTryCompileExec3161711632.dir/src.cxx.o -c /home/arclab/catkin_ws/src/cisst-saw/CMakeFiles/CMakeTmp/src.cxx
Linking CXX executable cmTryCompileExec3161711632
/usr/bin/cmake -E cmake_link_script CMakeFiles/cmTryCompileExec3161711632.dir/link.txt --verbose=1
/usr/bin/c++    -fPIC -DCXX_SUPPORTS_WEXTRA    CMakeFiles/cmTryCompileExec3161711632.dir/src.cxx.o  -o cmTryCompileExec3161711632 -rdynamic 
make[1]: Leaving directory `/home/arclab/catkin_ws/src/cisst-saw/CMakeFiles/CMakeTmp'

Source file was:
int main() { return 0;}
Performing C++ SOURCE FILE Test CXX_SUPPORTS_WALL succeded with the following output:
Change Dir: /home/arclab/catkin_ws/src/cisst-saw/CMakeFiles/CMakeTmp

Run Build Command:/usr/bin/make "cmTryCompileExec3945717599/fast"
/usr/bin/make -f CMakeFiles/cmTryCompileExec3945717599.dir/build.make CMakeFiles/cmTryCompileExec3945717599.dir/build
make[1]: Entering directory `/home/arclab/catkin_ws/src/cisst-saw/CMakeFiles/CMakeTmp'
/usr/bin/cmake -E cmake_progress_report /home/arclab/catkin_ws/src/cisst-saw/CMakeFiles/CMakeTmp/CMakeFiles 1
Building CXX object CMakeFiles/cmTryCompileExec3945717599.dir/src.cxx.o
/usr/bin/c++    -fPIC -Wextra -DCXX_SUPPORTS_WALL   -Wall -o CMakeFiles/cmTryCompileExec3945717599.dir/src.cxx.o -c /home/arclab/catkin_ws/src/cisst-saw/CMakeFiles/CMakeTmp/src.cxx
Linking CXX executable cmTryCompileExec3945717599
/usr/bin/cmake -E cmake_link_script CMakeFiles/cmTryCompileExec3945717599.dir/link.txt --verbose=1
/usr/bin/c++    -fPIC -Wextra -DCXX_SUPPORTS_WALL    CMakeFiles/cmTryCompileExec3945717599.dir/src.cxx.o  -o cmTryCompileExec3945717599 -rdynamic 
make[1]: Leaving directory `/home/arclab/catkin_ws/src/cisst-saw/CMakeFiles/CMakeTmp'

Source file was:
int main() { return 0;}
Determining if the function XOpenDisplay exists in the /usr/lib/x86_64-linux-gnu/libX11.so;/usr/lib/x86_64-linux-gnu/libXext.so passed with the following output:
Change Dir: /home/arclab/catkin_ws/src/cisst-saw/CMakeFiles/CMakeTmp

Run Build Command:/usr/bin/make "cmTryCompileExec1586203015/fast"
/usr/bin/make -f CMakeFiles/cmTryCompileExec1586203015.dir/build.make CMakeFiles/cmTryCompileExec1586203015.dir/build
make[1]: Entering directory `/home/arclab/catkin_ws/src/cisst-saw/CMakeFiles/CMakeTmp'
/usr/bin/cmake -E cmake_progress_report /home/arclab/catkin_ws/src/cisst-saw/CMakeFiles/CMakeTmp/CMakeFiles 1
Building C object CMakeFiles/cmTryCompileExec1586203015.dir/CheckFunctionExists.c.o
/usr/bin/cc   -DCHECK_FUNCTION_EXISTS=XOpenDisplay   -o CMakeFiles/cmTryCompileExec1586203015.dir/CheckFunctionExists.c.o   -c /usr/share/cmake-2.8/Modules/CheckFunctionExists.c
Linking C executable cmTryCompileExec1586203015
/usr/bin/cmake -E cmake_link_script CMakeFiles/cmTryCompileExec1586203015.dir/link.txt --verbose=1
/usr/bin/cc   -DCHECK_FUNCTION_EXISTS=XOpenDisplay    CMakeFiles/cmTryCompileExec1586203015.dir/CheckFunctionExists.c.o  -o cmTryCompileExec1586203015 -rdynamic -lX11 -lXext 
make[1]: Leaving directory `/home/arclab/catkin_ws/src/cisst-saw/CMakeFiles/CMakeTmp'


Determining if the function gethostbyname exists passed with the following output:
Change Dir: /home/arclab/catkin_ws/src/cisst-saw/CMakeFiles/CMakeTmp

Run Build Command:/usr/bin/make "cmTryCompileExec848377448/fast"
/usr/bin/make -f CMakeFiles/cmTryCompileExec848377448.dir/build.make CMakeFiles/cmTryCompileExec848377448.dir/build
make[1]: Entering directory `/home/arclab/catkin_ws/src/cisst-saw/CMakeFiles/CMakeTmp'
/usr/bin/cmake -E cmake_progress_report /home/arclab/catkin_ws/src/cisst-saw/CMakeFiles/CMakeTmp/CMakeFiles 1
Building C object CMakeFiles/cmTryCompileExec848377448.dir/CheckFunctionExists.c.o
/usr/bin/cc   -DCHECK_FUNCTION_EXISTS=gethostbyname   -o CMakeFiles/cmTryCompileExec848377448.dir/CheckFunctionExists.c.o   -c /usr/share/cmake-2.8/Modules/CheckFunctionExists.c
Linking C executable cmTryCompileExec848377448
/usr/bin/cmake -E cmake_link_script CMakeFiles/cmTryCompileExec848377448.dir/link.txt --verbose=1
/usr/bin/cc   -DCHECK_FUNCTION_EXISTS=gethostbyname    CMakeFiles/cmTryCompileExec848377448.dir/CheckFunctionExists.c.o  -o cmTryCompileExec848377448 -rdynamic 
make[1]: Leaving directory `/home/arclab/catkin_ws/src/cisst-saw/CMakeFiles/CMakeTmp'


Determining if the function connect exists passed with the following output:
Change Dir: /home/arclab/catkin_ws/src/cisst-saw/CMakeFiles/CMakeTmp

Run Build Command:/usr/bin/make "cmTryCompileExec2065252674/fast"
/usr/bin/make -f CMakeFiles/cmTryCompileExec2065252674.dir/build.make CMakeFiles/cmTryCompileExec2065252674.dir/build
make[1]: Entering directory `/home/arclab/catkin_ws/src/cisst-saw/CMakeFiles/CMakeTmp'
/usr/bin/cmake -E cmake_progress_report /home/arclab/catkin_ws/src/cisst-saw/CMakeFiles/CMakeTmp/CMakeFiles 1
Building C object CMakeFiles/cmTryCompileExec2065252674.dir/CheckFunctionExists.c.o
/usr/bin/cc   -DCHECK_FUNCTION_EXISTS=connect   -o CMakeFiles/cmTryCompileExec2065252674.dir/CheckFunctionExists.c.o   -c /usr/share/cmake-2.8/Modules/CheckFunctionExists.c
Linking C executable cmTryCompileExec2065252674
/usr/bin/cmake -E cmake_link_script CMakeFiles/cmTryCompileExec2065252674.dir/link.txt --verbose=1
/usr/bin/cc   -DCHECK_FUNCTION_EXISTS=connect    CMakeFiles/cmTryCompileExec2065252674.dir/CheckFunctionExists.c.o  -o cmTryCompileExec2065252674 -rdynamic 
make[1]: Leaving directory `/home/arclab/catkin_ws/src/cisst-saw/CMakeFiles/CMakeTmp'


Determining if the function remove exists passed with the following output:
Change Dir: /home/arclab/catkin_ws/src/cisst-saw/CMakeFiles/CMakeTmp

Run Build Command:/usr/bin/make "cmTryCompileExec3096933129/fast"
/usr/bin/make -f CMakeFiles/cmTryCompileExec3096933129.dir/build.make CMakeFiles/cmTryCompileExec3096933129.dir/build
make[1]: Entering directory `/home/arclab/catkin_ws/src/cisst-saw/CMakeFiles/CMakeTmp'
/usr/bin/cmake -E cmake_progress_report /home/arclab/catkin_ws/src/cisst-saw/CMakeFiles/CMakeTmp/CMakeFiles 1
Building C object CMakeFiles/cmTryCompileExec3096933129.dir/CheckFunctionExists.c.o
/usr/bin/cc   -DCHECK_FUNCTION_EXISTS=remove   -o CMakeFiles/cmTryCompileExec3096933129.dir/CheckFunctionExists.c.o   -c /usr/share/cmake-2.8/Modules/CheckFunctionExists.c
Linking C executable cmTryCompileExec3096933129
/usr/bin/cmake -E cmake_link_script CMakeFiles/cmTryCompileExec3096933129.dir/link.txt --verbose=1
/usr/bin/cc   -DCHECK_FUNCTION_EXISTS=remove    CMakeFiles/cmTryCompileExec3096933129.dir/CheckFunctionExists.c.o  -o cmTryCompileExec3096933129 -rdynamic 
make[1]: Leaving directory `/home/arclab/catkin_ws/src/cisst-saw/CMakeFiles/CMakeTmp'


Determining if the function shmat exists passed with the following output:
Change Dir: /home/arclab/catkin_ws/src/cisst-saw/CMakeFiles/CMakeTmp

Run Build Command:/usr/bin/make "cmTryCompileExec1553707931/fast"
/usr/bin/make -f CMakeFiles/cmTryCompileExec1553707931.dir/build.make CMakeFiles/cmTryCompileExec1553707931.dir/build
make[1]: Entering directory `/home/arclab/catkin_ws/src/cisst-saw/CMakeFiles/CMakeTmp'
/usr/bin/cmake -E cmake_progress_report /home/arclab/catkin_ws/src/cisst-saw/CMakeFiles/CMakeTmp/CMakeFiles 1
Building C object CMakeFiles/cmTryCompileExec1553707931.dir/CheckFunctionExists.c.o
/usr/bin/cc   -DCHECK_FUNCTION_EXISTS=shmat   -o CMakeFiles/cmTryCompileExec1553707931.dir/CheckFunctionExists.c.o   -c /usr/share/cmake-2.8/Modules/CheckFunctionExists.c
Linking C executable cmTryCompileExec1553707931
/usr/bin/cmake -E cmake_link_script CMakeFiles/cmTryCompileExec1553707931.dir/link.txt --verbose=1
/usr/bin/cc   -DCHECK_FUNCTION_EXISTS=shmat    CMakeFiles/cmTryCompileExec1553707931.dir/CheckFunctionExists.c.o  -o cmTryCompileExec1553707931 -rdynamic 
make[1]: Leaving directory `/home/arclab/catkin_ws/src/cisst-saw/CMakeFiles/CMakeTmp'


Determining if the function IceConnectionNumber exists in the ICE passed with the following output:
Change Dir: /home/arclab/catkin_ws/src/cisst-saw/CMakeFiles/CMakeTmp

Run Build Command:/usr/bin/make "cmTryCompileExec1827813622/fast"
/usr/bin/make -f CMakeFiles/cmTryCompileExec1827813622.dir/build.make CMakeFiles/cmTryCompileExec1827813622.dir/build
make[1]: Entering directory `/home/arclab/catkin_ws/src/cisst-saw/CMakeFiles/CMakeTmp'
/usr/bin/cmake -E cmake_progress_report /home/arclab/catkin_ws/src/cisst-saw/CMakeFiles/CMakeTmp/CMakeFiles 1
Building C object CMakeFiles/cmTryCompileExec1827813622.dir/CheckFunctionExists.c.o
/usr/bin/cc   -DCHECK_FUNCTION_EXISTS=IceConnectionNumber   -o CMakeFiles/cmTryCompileExec1827813622.dir/CheckFunctionExists.c.o   -c /usr/share/cmake-2.8/Modules/CheckFunctionExists.c
Linking C executable cmTryCompileExec1827813622
/usr/bin/cmake -E cmake_link_script CMakeFiles/cmTryCompileExec1827813622.dir/link.txt --verbose=1
/usr/bin/cc   -DCHECK_FUNCTION_EXISTS=IceConnectionNumber    CMakeFiles/cmTryCompileExec1827813622.dir/CheckFunctionExists.c.o  -o cmTryCompileExec1827813622 -rdynamic -lICE 
make[1]: Leaving directory `/home/arclab/catkin_ws/src/cisst-saw/CMakeFiles/CMakeTmp'


Determining if the Q_WS_X11 exist passed with the following output:
Change Dir: /home/arclab/catkin_ws/src/cisst-saw/CMakeFiles/CMakeTmp

Run Build Command:/usr/bin/make "cmTryCompileExec3641751318/fast"
/usr/bin/make -f CMakeFiles/cmTryCompileExec3641751318.dir/build.make CMakeFiles/cmTryCompileExec3641751318.dir/build
make[1]: Entering directory `/home/arclab/catkin_ws/src/cisst-saw/CMakeFiles/CMakeTmp'
/usr/bin/cmake -E cmake_progress_report /home/arclab/catkin_ws/src/cisst-saw/CMakeFiles/CMakeTmp/CMakeFiles 1
Building CXX object CMakeFiles/cmTryCompileExec3641751318.dir/CheckSymbolExists.cxx.o
/usr/bin/c++    -fPIC -Wextra -Wall  -I/usr/include/qt4    -o CMakeFiles/cmTryCompileExec3641751318.dir/CheckSymbolExists.cxx.o -c /home/arclab/catkin_ws/src/cisst-saw/CMakeFiles/CMakeTmp/CheckSymbolExists.cxx
Linking CXX executable cmTryCompileExec3641751318
/usr/bin/cmake -E cmake_link_script CMakeFiles/cmTryCompileExec3641751318.dir/link.txt --verbose=1
/usr/bin/c++    -fPIC -Wextra -Wall     CMakeFiles/cmTryCompileExec3641751318.dir/CheckSymbolExists.cxx.o  -o cmTryCompileExec3641751318 -rdynamic 
make[1]: Leaving directory `/home/arclab/catkin_ws/src/cisst-saw/CMakeFiles/CMakeTmp'

File /home/arclab/catkin_ws/src/cisst-saw/CMakeFiles/CMakeTmp/CheckSymbolExists.cxx:
/* */
#include <QtCore/qglobal.h>

int main(int argc, char** argv)
{
  (void)argv;
#ifndef Q_WS_X11
  return ((int*)(&Q_WS_X11))[argc];
#else
  (void)argc;
  return 0;
#endif
}

Performing C++ SOURCE FILE Test CISST_OSTREAM_CAN_CAST_TO_VOID_PTR succeded with the following output:
Change Dir: /home/arclab/catkin_ws/src/cisst-saw/CMakeFiles/CMakeTmp

Run Build Command:/usr/bin/make "cmTryCompileExec2468628253/fast"
/usr/bin/make -f CMakeFiles/cmTryCompileExec2468628253.dir/build.make CMakeFiles/cmTryCompileExec2468628253.dir/build
make[1]: Entering directory `/home/arclab/catkin_ws/src/cisst-saw/CMakeFiles/CMakeTmp'
/usr/bin/cmake -E cmake_progress_report /home/arclab/catkin_ws/src/cisst-saw/CMakeFiles/CMakeTmp/CMakeFiles 1
Building CXX object CMakeFiles/cmTryCompileExec2468628253.dir/src.cxx.o
/usr/bin/c++    -fPIC -Wextra -Wall -DCISST_OSTREAM_CAN_CAST_TO_VOID_PTR   -o CMakeFiles/cmTryCompileExec2468628253.dir/src.cxx.o -c /home/arclab/catkin_ws/src/cisst-saw/CMakeFiles/CMakeTmp/src.cxx
/home/arclab/catkin_ws/src/cisst-saw/CMakeFiles/CMakeTmp/src.cxx: In function ‘int main(int, char**)’:
/home/arclab/catkin_ws/src/cisst-saw/CMakeFiles/CMakeTmp/src.cxx:3:44: warning: statement has no effect [-Wunused-value]
     true ? (void *) 0 : std::cerr << "true";
                                            ^
/home/arclab/catkin_ws/src/cisst-saw/CMakeFiles/CMakeTmp/src.cxx: At global scope:
/home/arclab/catkin_ws/src/cisst-saw/CMakeFiles/CMakeTmp/src.cxx:2:14: warning: unused parameter ‘argc’ [-Wunused-parameter]
 int main(int argc, char ** argv) {
              ^
/home/arclab/catkin_ws/src/cisst-saw/CMakeFiles/CMakeTmp/src.cxx:2:28: warning: unused parameter ‘argv’ [-Wunused-parameter]
 int main(int argc, char ** argv) {
                            ^
Linking CXX executable cmTryCompileExec2468628253
/usr/bin/cmake -E cmake_link_script CMakeFiles/cmTryCompileExec2468628253.dir/link.txt --verbose=1
/usr/bin/c++    -fPIC -Wextra -Wall -DCISST_OSTREAM_CAN_CAST_TO_VOID_PTR    CMakeFiles/cmTryCompileExec2468628253.dir/src.cxx.o  -o cmTryCompileExec2468628253 -rdynamic 
make[1]: Leaving directory `/home/arclab/catkin_ws/src/cisst-saw/CMakeFiles/CMakeTmp'

Source file was:
#include <iostream>
int main(int argc, char ** argv) {
    true ? (void *) 0 : std::cerr << "true";
    false ? (void *) 0 : std::cerr << "false";
    return 0;
}
Determining if the isfinite exist passed with the following output:
Change Dir: /home/arclab/catkin_ws/src/cisst-saw/CMakeFiles/CMakeTmp

Run Build Command:/usr/bin/make "cmTryCompileExec1755576615/fast"
/usr/bin/make -f CMakeFiles/cmTryCompileExec1755576615.dir/build.make CMakeFiles/cmTryCompileExec1755576615.dir/build
make[1]: Entering directory `/home/arclab/catkin_ws/src/cisst-saw/CMakeFiles/CMakeTmp'
/usr/bin/cmake -E cmake_progress_report /home/arclab/catkin_ws/src/cisst-saw/CMakeFiles/CMakeTmp/CMakeFiles 1
Building C object CMakeFiles/cmTryCompileExec1755576615.dir/CheckSymbolExists.c.o
/usr/bin/cc    -o CMakeFiles/cmTryCompileExec1755576615.dir/CheckSymbolExists.c.o   -c /home/arclab/catkin_ws/src/cisst-saw/CMakeFiles/CMakeTmp/CheckSymbolExists.c
Linking C executable cmTryCompileExec1755576615
/usr/bin/cmake -E cmake_link_script CMakeFiles/cmTryCompileExec1755576615.dir/link.txt --verbose=1
/usr/bin/cc       CMakeFiles/cmTryCompileExec1755576615.dir/CheckSymbolExists.c.o  -o cmTryCompileExec1755576615 -rdynamic 
make[1]: Leaving directory `/home/arclab/catkin_ws/src/cisst-saw/CMakeFiles/CMakeTmp'

File /home/arclab/catkin_ws/src/cisst-saw/CMakeFiles/CMakeTmp/CheckSymbolExists.c:
/* */
#include <math.h>

int main(int argc, char** argv)
{
  (void)argv;
#ifndef isfinite
  return ((int*)(&isfinite))[argc];
#else
  (void)argc;
  return 0;
#endif
}

Determining if files pthread.h exist passed with the following output:
Change Dir: /home/arclab/catkin_ws/src/cisst-saw/CMakeFiles/CMakeTmp

Run Build Command:/usr/bin/make "cmTryCompileExec498867687/fast"
/usr/bin/make -f CMakeFiles/cmTryCompileExec498867687.dir/build.make CMakeFiles/cmTryCompileExec498867687.dir/build
make[1]: Entering directory `/home/arclab/catkin_ws/src/cisst-saw/CMakeFiles/CMakeTmp'
/usr/bin/cmake -E cmake_progress_report /home/arclab/catkin_ws/src/cisst-saw/CMakeFiles/CMakeTmp/CMakeFiles 1
Building C object CMakeFiles/cmTryCompileExec498867687.dir/CheckIncludeFiles.c.o
/usr/bin/cc    -o CMakeFiles/cmTryCompileExec498867687.dir/CheckIncludeFiles.c.o   -c /home/arclab/catkin_ws/src/cisst-saw/CMakeFiles/CMakeTmp/CheckIncludeFiles.c
Linking C executable cmTryCompileExec498867687
/usr/bin/cmake -E cmake_link_script CMakeFiles/cmTryCompileExec498867687.dir/link.txt --verbose=1
/usr/bin/cc       CMakeFiles/cmTryCompileExec498867687.dir/CheckIncludeFiles.c.o  -o cmTryCompileExec498867687 -rdynamic 
make[1]: Leaving directory `/home/arclab/catkin_ws/src/cisst-saw/CMakeFiles/CMakeTmp'


Determining if the function pthread_create exists in the pthread passed with the following output:
Change Dir: /home/arclab/catkin_ws/src/cisst-saw/CMakeFiles/CMakeTmp

Run Build Command:/usr/bin/make "cmTryCompileExec3304880882/fast"
/usr/bin/make -f CMakeFiles/cmTryCompileExec3304880882.dir/build.make CMakeFiles/cmTryCompileExec3304880882.dir/build
make[1]: Entering directory `/home/arclab/catkin_ws/src/cisst-saw/CMakeFiles/CMakeTmp'
/usr/bin/cmake -E cmake_progress_report /home/arclab/catkin_ws/src/cisst-saw/CMakeFiles/CMakeTmp/CMakeFiles 1
Building C object CMakeFiles/cmTryCompileExec3304880882.dir/CheckFunctionExists.c.o
/usr/bin/cc   -DCHECK_FUNCTION_EXISTS=pthread_create   -o CMakeFiles/cmTryCompileExec3304880882.dir/CheckFunctionExists.c.o   -c /usr/share/cmake-2.8/Modules/CheckFunctionExists.c
Linking C executable cmTryCompileExec3304880882
/usr/bin/cmake -E cmake_link_script CMakeFiles/cmTryCompileExec3304880882.dir/link.txt --verbose=1
/usr/bin/cc   -DCHECK_FUNCTION_EXISTS=pthread_create    CMakeFiles/cmTryCompileExec3304880882.dir/CheckFunctionExists.c.o  -o cmTryCompileExec3304880882 -rdynamic -lpthread 
make[1]: Leaving directory `/home/arclab/catkin_ws/src/cisst-saw/CMakeFiles/CMakeTmp'


Performing C++ SOURCE FILE Test CXX_SUPPORTS_FPIC succeded with the following output:
Change Dir: /home/arclab/catkin_ws/src/cisst-saw/CMakeFiles/CMakeTmp

Run Build Command:/usr/bin/make "cmTryCompileExec2865982077/fast"
/usr/bin/make -f CMakeFiles/cmTryCompileExec2865982077.dir/build.make CMakeFiles/cmTryCompileExec2865982077.dir/build
make[1]: Entering directory `/home/arclab/catkin_ws/src/cisst-saw/CMakeFiles/CMakeTmp'
/usr/bin/cmake -E cmake_progress_report /home/arclab/catkin_ws/src/cisst-saw/CMakeFiles/CMakeTmp/CMakeFiles 1
Building CXX object CMakeFiles/cmTryCompileExec2865982077.dir/src.cxx.o
/usr/bin/c++    -fPIC -Wextra -Wall -fPIC -Wextra -Wall -Wextra -Wall -DCXX_SUPPORTS_FPIC   -fPIC -o CMakeFiles/cmTryCompileExec2865982077.dir/src.cxx.o -c /home/arclab/catkin_ws/src/cisst-saw/CMakeFiles/CMakeTmp/src.cxx
Linking CXX executable cmTryCompileExec2865982077
/usr/bin/cmake -E cmake_link_script CMakeFiles/cmTryCompileExec2865982077.dir/link.txt --verbose=1
/usr/bin/c++    -fPIC -Wextra -Wall -fPIC -Wextra -Wall -Wextra -Wall -DCXX_SUPPORTS_FPIC    CMakeFiles/cmTryCompileExec2865982077.dir/src.cxx.o  -o cmTryCompileExec2865982077 -rdynamic 
make[1]: Leaving directory `/home/arclab/catkin_ws/src/cisst-saw/CMakeFiles/CMakeTmp'

Source file was:
int main() { return 0;}
